2018-03-17 13:07:39.491  INFO 3845 --- [main] springbackend.Application                : Starting Application v1.0 on root with PID 3845 (/home/nick/gitRepo/notTV-Capstone/mediabox/target/mediabox-1.0.jar started by nick in /home/nick/gitRepo/notTV-Capstone/mediabox/src/main/simulation)
2018-03-17 13:07:39.499  INFO 3845 --- [main] springbackend.Application                : No active profile set, falling back to default profiles: default
2018-03-17 13:07:40.350  INFO 3845 --- [main] ationConfigEmbeddedWebApplicationContext : Refreshing org.springframework.boot.context.embedded.AnnotationConfigEmbeddedWebApplicationContext@6659c656: startup date [Sat Mar 17 13:07:40 PDT 2018]; root of context hierarchy
2018-03-17 13:07:41.280  INFO 3845 --- [main] o.s.b.f.xml.XmlBeanDefinitionReader      : Loading XML bean definitions from class path resource [app-config.xml]
2018-03-17 13:07:43.149  INFO 3845 --- [main] e.j.JettyEmbeddedServletContainerFactory : Server initialized with port: 1248
2018-03-17 13:07:43.158  INFO 3845 --- [main] org.eclipse.jetty.server.Server          : jetty-8.1.15.v20140411
2018-03-17 13:07:43.255  INFO 3845 --- [main] application                              : Initializing Spring embedded WebApplicationContext
2018-03-17 13:07:43.256  INFO 3845 --- [main] o.s.web.context.ContextLoader            : Root WebApplicationContext: initialization completed in 2915 ms
2018-03-17 13:07:43.519  INFO 3845 --- [main] o.s.b.w.servlet.ServletRegistrationBean  : Mapping servlet: 'dispatcherServlet' to [/]
2018-03-17 13:07:43.523  INFO 3845 --- [main] o.s.b.w.servlet.FilterRegistrationBean   : Mapping filter: 'characterEncodingFilter' to: [/*]
2018-03-17 13:07:43.529  INFO 3845 --- [main] o.s.b.w.servlet.FilterRegistrationBean   : Mapping filter: 'hiddenHttpMethodFilter' to: [/*]
2018-03-17 13:07:43.530  INFO 3845 --- [main] o.s.b.w.servlet.FilterRegistrationBean   : Mapping filter: 'httpPutFormContentFilter' to: [/*]
2018-03-17 13:07:43.536  INFO 3845 --- [main] o.s.b.w.servlet.FilterRegistrationBean   : Mapping filter: 'requestContextFilter' to: [/*]
2018-03-17 13:07:43.594  INFO 3845 --- [main] filesharingsystem.ClingPortMapper        : Initializing port mapper on port 49152...
2018-03-17 13:07:43.595  INFO 3845 --- [main] filesharingsystem.ClingPortMapper        : Host Address: 127.0.1.1
2018-03-17 13:07:43.658  INFO 3845 --- [main] org.fourthline.cling.UpnpServiceImpl     : >>> Starting UPnP service...
2018-03-17 13:07:43.663  INFO 3845 --- [main] org.fourthline.cling.UpnpServiceImpl     : Using configuration: filesharingsystem.ClingUpnpServiceConfiguration
2018-03-17 13:07:43.705  INFO 3845 --- [main] org.fourthline.cling.transport.Router    : Creating Router: org.fourthline.cling.transport.RouterImpl
2018-03-17 13:07:43.721  INFO 3845 --- [main] o.f.c.transport.spi.MulticastReceiver    : Creating wildcard socket (for receiving multicast datagrams) on port: 1900
2018-03-17 13:07:43.735  INFO 3845 --- [main] o.f.c.transport.spi.MulticastReceiver    : Joining multicast group: /239.255.255.250:1900 on network interface: enp0s3
2018-03-17 13:07:43.758  INFO 3845 --- [main] o.f.c.t.i.jetty.JettyServletContainer    : Registering UPnP servlet under context path: /upnp
2018-03-17 13:07:43.768  INFO 3845 --- [main] o.f.cling.transport.spi.DatagramIO       : Creating bound socket (for datagram input/output) on: /10.0.2.15
2018-03-17 13:07:43.787  INFO 3845 --- [cling-3] o.f.c.t.i.jetty.JettyServletContainer    : Starting Jetty server... 
2018-03-17 13:07:43.788  INFO 3845 --- [cling-3] org.eclipse.jetty.server.Server          : jetty-8.1.15.v20140411
2018-03-17 13:07:43.791  INFO 3845 --- [main] o.f.cling.transport.spi.StreamClient     : Starting Jetty HttpClient...
2018-03-17 13:07:43.809  INFO 3845 --- [cling-3] o.e.jetty.server.AbstractConnector       : Started SocketConnector@10.0.2.15:39249
2018-03-17 13:07:43.919  INFO 3845 --- [main] org.fourthline.cling.UpnpServiceImpl     : <<< UPnP service started successfully
2018-03-17 13:07:44.654  INFO 3845 --- [main] s.w.s.m.m.a.RequestMappingHandlerAdapter : Looking for @ControllerAdvice: org.springframework.boot.context.embedded.AnnotationConfigEmbeddedWebApplicationContext@6659c656: startup date [Sat Mar 17 13:07:40 PDT 2018]; root of context hierarchy
2018-03-17 13:07:44.819  INFO 3845 --- [main] s.w.s.m.m.a.RequestMappingHandlerMapping : Mapped "{[/ || /home]}" onto public java.lang.String springbackend.ViewController.home(org.springframework.ui.Model)
2018-03-17 13:07:44.820  INFO 3845 --- [main] s.w.s.m.m.a.RequestMappingHandlerMapping : Mapped "{[/{page}]}" onto public java.lang.String springbackend.ViewController.defaultPage(java.lang.String,org.springframework.ui.Model)
2018-03-17 13:07:44.821  INFO 3845 --- [main] s.w.s.m.m.a.RequestMappingHandlerMapping : Mapped "{[/account]}" onto public java.lang.String springbackend.ViewController.account()
2018-03-17 13:07:44.821  INFO 3845 --- [main] s.w.s.m.m.a.RequestMappingHandlerMapping : Mapped "{[/userProfile/{username}]}" onto public java.lang.String springbackend.ViewController.userProfile(java.lang.String,org.springframework.ui.Model)
2018-03-17 13:07:44.823  INFO 3845 --- [main] s.w.s.m.m.a.RequestMappingHandlerMapping : Mapped "{[/video/{videoFile:.+}]}" onto public void springbackend.ViewController.video(java.lang.String,org.springframework.ui.Model,javax.servlet.http.HttpServletRequest,javax.servlet.http.HttpServletResponse) throws java.io.IOException
2018-03-17 13:07:44.853  INFO 3845 --- [main] s.w.s.m.m.a.RequestMappingHandlerMapping : Mapped "{[/process/upload],methods=[POST]}" onto public java.lang.String springbackend.ProcessController.upload(int,org.springframework.web.multipart.MultipartFile)
2018-03-17 13:07:44.855  INFO 3845 --- [main] s.w.s.m.m.a.RequestMappingHandlerMapping : Mapped "{[/process/get-thumbnail/{id}],methods=[GET]}" onto public org.springframework.http.ResponseEntity<org.springframework.core.io.FileSystemResource> springbackend.ProcessController.getThumbnail(int,javax.servlet.http.HttpServletResponse)
2018-03-17 13:07:44.858  INFO 3845 --- [main] s.w.s.m.m.a.RequestMappingHandlerMapping : Mapped "{[/process/download]}" onto public java.lang.String springbackend.ProcessController.download(int,org.springframework.web.servlet.mvc.support.RedirectAttributes)
2018-03-17 13:07:44.861  INFO 3845 --- [main] s.w.s.m.m.a.RequestMappingHandlerMapping : Mapped "{[/error],produces=[text/html]}" onto public org.springframework.web.servlet.ModelAndView org.springframework.boot.autoconfigure.web.BasicErrorController.errorHtml(javax.servlet.http.HttpServletRequest,javax.servlet.http.HttpServletResponse)
2018-03-17 13:07:44.876  INFO 3845 --- [main] s.w.s.m.m.a.RequestMappingHandlerMapping : Mapped "{[/error]}" onto public org.springframework.http.ResponseEntity<java.util.Map<java.lang.String, java.lang.Object>> org.springframework.boot.autoconfigure.web.BasicErrorController.error(javax.servlet.http.HttpServletRequest)
2018-03-17 13:07:44.979  INFO 3845 --- [main] o.s.w.s.handler.SimpleUrlHandlerMapping  : Mapped URL path [/webjars/**] onto handler of type [class org.springframework.web.servlet.resource.ResourceHttpRequestHandler]
2018-03-17 13:07:44.980  INFO 3845 --- [main] o.s.w.s.handler.SimpleUrlHandlerMapping  : Mapped URL path [/**] onto handler of type [class org.springframework.web.servlet.resource.ResourceHttpRequestHandler]
2018-03-17 13:07:45.102  INFO 3845 --- [main] o.s.w.s.handler.SimpleUrlHandlerMapping  : Mapped URL path [/**/favicon.ico] onto handler of type [class org.springframework.web.servlet.resource.ResourceHttpRequestHandler]
2018-03-17 13:07:46.061  INFO 3845 --- [main] o.s.j.e.a.AnnotationMBeanExporter        : Registering beans for JMX exposure on startup
2018-03-17 13:07:46.111  INFO 3845 --- [main] application                              : Initializing Spring FrameworkServlet 'dispatcherServlet'
2018-03-17 13:07:46.112  INFO 3845 --- [main] o.s.web.servlet.DispatcherServlet        : FrameworkServlet 'dispatcherServlet': initialization started
2018-03-17 13:07:46.153  INFO 3845 --- [main] o.s.web.servlet.DispatcherServlet        : FrameworkServlet 'dispatcherServlet': initialization completed in 40 ms
2018-03-17 13:07:46.177  INFO 3845 --- [main] o.e.jetty.server.AbstractConnector       : Started SelectChannelConnector@0.0.0.0:1248
2018-03-17 13:07:46.178  INFO 3845 --- [main] .s.b.c.e.j.JettyEmbeddedServletContainer : Jetty started on port(s) 1248
2018-03-17 13:07:46.199  INFO 3845 --- [main] filesharingsystem.ClingPortMapper        : Registering port 49152.
2018-03-17 13:07:46.317  INFO 3845 --- [main] springbackend.Application                : Started Application in 7.633 seconds (JVM running for 8.531)
2018-03-17 13:20:38.170  INFO 4001 --- [main] springbackend.Application                : Starting Application v1.0 on root with PID 4001 (/home/nick/gitRepo/notTV-Capstone/mediabox/target/mediabox-1.0.jar started by nick in /home/nick/gitRepo/notTV-Capstone/mediabox/src/main/simulation)
2018-03-17 13:20:38.184  INFO 4001 --- [main] springbackend.Application                : No active profile set, falling back to default profiles: default
2018-03-17 13:20:38.949  INFO 4001 --- [main] ationConfigEmbeddedWebApplicationContext : Refreshing org.springframework.boot.context.embedded.AnnotationConfigEmbeddedWebApplicationContext@6659c656: startup date [Sat Mar 17 13:20:38 PDT 2018]; root of context hierarchy
2018-03-17 13:20:39.915  INFO 4001 --- [main] o.s.b.f.xml.XmlBeanDefinitionReader      : Loading XML bean definitions from class path resource [app-config.xml]
2018-03-17 13:20:41.669  INFO 4001 --- [main] e.j.JettyEmbeddedServletContainerFactory : Server initialized with port: 1248
2018-03-17 13:20:41.673  INFO 4001 --- [main] org.eclipse.jetty.server.Server          : jetty-8.1.15.v20140411
2018-03-17 13:20:41.775  INFO 4001 --- [main] application                              : Initializing Spring embedded WebApplicationContext
2018-03-17 13:20:41.776  INFO 4001 --- [main] o.s.web.context.ContextLoader            : Root WebApplicationContext: initialization completed in 2829 ms
2018-03-17 13:20:42.048  INFO 4001 --- [main] o.s.b.w.servlet.ServletRegistrationBean  : Mapping servlet: 'dispatcherServlet' to [/]
2018-03-17 13:20:42.052  INFO 4001 --- [main] o.s.b.w.servlet.FilterRegistrationBean   : Mapping filter: 'characterEncodingFilter' to: [/*]
2018-03-17 13:20:42.054  INFO 4001 --- [main] o.s.b.w.servlet.FilterRegistrationBean   : Mapping filter: 'hiddenHttpMethodFilter' to: [/*]
2018-03-17 13:20:42.055  INFO 4001 --- [main] o.s.b.w.servlet.FilterRegistrationBean   : Mapping filter: 'httpPutFormContentFilter' to: [/*]
2018-03-17 13:20:42.056  INFO 4001 --- [main] o.s.b.w.servlet.FilterRegistrationBean   : Mapping filter: 'requestContextFilter' to: [/*]
2018-03-17 13:20:42.106  INFO 4001 --- [main] filesharingsystem.ClingPortMapper        : Initializing port mapper on port 49152...
2018-03-17 13:20:42.109  INFO 4001 --- [main] filesharingsystem.ClingPortMapper        : Host Address: 127.0.1.1
2018-03-17 13:20:42.172  INFO 4001 --- [main] org.fourthline.cling.UpnpServiceImpl     : >>> Starting UPnP service...
2018-03-17 13:20:42.183  INFO 4001 --- [main] org.fourthline.cling.UpnpServiceImpl     : Using configuration: filesharingsystem.ClingUpnpServiceConfiguration
2018-03-17 13:20:42.231  INFO 4001 --- [main] org.fourthline.cling.transport.Router    : Creating Router: org.fourthline.cling.transport.RouterImpl
2018-03-17 13:20:42.246  INFO 4001 --- [main] o.f.c.transport.spi.MulticastReceiver    : Creating wildcard socket (for receiving multicast datagrams) on port: 1900
2018-03-17 13:20:42.261  INFO 4001 --- [main] o.f.c.transport.spi.MulticastReceiver    : Joining multicast group: /239.255.255.250:1900 on network interface: enp0s3
2018-03-17 13:20:42.284  INFO 4001 --- [main] o.f.c.t.i.jetty.JettyServletContainer    : Registering UPnP servlet under context path: /upnp
2018-03-17 13:20:42.287  INFO 4001 --- [main] o.f.cling.transport.spi.DatagramIO       : Creating bound socket (for datagram input/output) on: /10.0.2.15
2018-03-17 13:20:42.306  INFO 4001 --- [main] o.f.cling.transport.spi.StreamClient     : Starting Jetty HttpClient...
2018-03-17 13:20:42.307  INFO 4001 --- [cling-3] o.f.c.t.i.jetty.JettyServletContainer    : Starting Jetty server... 
2018-03-17 13:20:42.308  INFO 4001 --- [cling-3] org.eclipse.jetty.server.Server          : jetty-8.1.15.v20140411
2018-03-17 13:20:42.320  INFO 4001 --- [cling-3] o.e.jetty.server.AbstractConnector       : Started SocketConnector@10.0.2.15:37409
2018-03-17 13:20:42.440  INFO 4001 --- [main] org.fourthline.cling.UpnpServiceImpl     : <<< UPnP service started successfully
2018-03-17 13:20:43.137  INFO 4001 --- [main] s.w.s.m.m.a.RequestMappingHandlerAdapter : Looking for @ControllerAdvice: org.springframework.boot.context.embedded.AnnotationConfigEmbeddedWebApplicationContext@6659c656: startup date [Sat Mar 17 13:20:38 PDT 2018]; root of context hierarchy
2018-03-17 13:20:43.316  INFO 4001 --- [main] s.w.s.m.m.a.RequestMappingHandlerMapping : Mapped "{[/{page}]}" onto public java.lang.String springbackend.ViewController.defaultPage(java.lang.String,org.springframework.ui.Model)
2018-03-17 13:20:43.320  INFO 4001 --- [main] s.w.s.m.m.a.RequestMappingHandlerMapping : Mapped "{[/ || /home]}" onto public java.lang.String springbackend.ViewController.home(org.springframework.ui.Model)
2018-03-17 13:20:43.323  INFO 4001 --- [main] s.w.s.m.m.a.RequestMappingHandlerMapping : Mapped "{[/account]}" onto public java.lang.String springbackend.ViewController.account()
2018-03-17 13:20:43.324  INFO 4001 --- [main] s.w.s.m.m.a.RequestMappingHandlerMapping : Mapped "{[/userProfile/{username}]}" onto public java.lang.String springbackend.ViewController.userProfile(java.lang.String,org.springframework.ui.Model)
2018-03-17 13:20:43.325  INFO 4001 --- [main] s.w.s.m.m.a.RequestMappingHandlerMapping : Mapped "{[/video/{videoFile:.+}]}" onto public void springbackend.ViewController.video(java.lang.String,org.springframework.ui.Model,javax.servlet.http.HttpServletRequest,javax.servlet.http.HttpServletResponse) throws java.io.IOException
2018-03-17 13:20:43.349  INFO 4001 --- [main] s.w.s.m.m.a.RequestMappingHandlerMapping : Mapped "{[/process/upload],methods=[POST]}" onto public java.lang.String springbackend.ProcessController.upload(int,org.springframework.web.multipart.MultipartFile)
2018-03-17 13:20:43.356  INFO 4001 --- [main] s.w.s.m.m.a.RequestMappingHandlerMapping : Mapped "{[/process/get-thumbnail/{id}],methods=[GET]}" onto public org.springframework.http.ResponseEntity<org.springframework.core.io.FileSystemResource> springbackend.ProcessController.getThumbnail(int,javax.servlet.http.HttpServletResponse)
2018-03-17 13:20:43.358  INFO 4001 --- [main] s.w.s.m.m.a.RequestMappingHandlerMapping : Mapped "{[/process/download]}" onto public java.lang.String springbackend.ProcessController.download(int,org.springframework.web.servlet.mvc.support.RedirectAttributes)
2018-03-17 13:20:43.364  INFO 4001 --- [main] s.w.s.m.m.a.RequestMappingHandlerMapping : Mapped "{[/error],produces=[text/html]}" onto public org.springframework.web.servlet.ModelAndView org.springframework.boot.autoconfigure.web.BasicErrorController.errorHtml(javax.servlet.http.HttpServletRequest,javax.servlet.http.HttpServletResponse)
2018-03-17 13:20:43.373  INFO 4001 --- [main] s.w.s.m.m.a.RequestMappingHandlerMapping : Mapped "{[/error]}" onto public org.springframework.http.ResponseEntity<java.util.Map<java.lang.String, java.lang.Object>> org.springframework.boot.autoconfigure.web.BasicErrorController.error(javax.servlet.http.HttpServletRequest)
2018-03-17 13:20:43.460  INFO 4001 --- [main] o.s.w.s.handler.SimpleUrlHandlerMapping  : Mapped URL path [/webjars/**] onto handler of type [class org.springframework.web.servlet.resource.ResourceHttpRequestHandler]
2018-03-17 13:20:43.461  INFO 4001 --- [main] o.s.w.s.handler.SimpleUrlHandlerMapping  : Mapped URL path [/**] onto handler of type [class org.springframework.web.servlet.resource.ResourceHttpRequestHandler]
2018-03-17 13:20:43.569  INFO 4001 --- [main] o.s.w.s.handler.SimpleUrlHandlerMapping  : Mapped URL path [/**/favicon.ico] onto handler of type [class org.springframework.web.servlet.resource.ResourceHttpRequestHandler]
2018-03-17 13:20:44.389  INFO 4001 --- [main] o.s.j.e.a.AnnotationMBeanExporter        : Registering beans for JMX exposure on startup
2018-03-17 13:20:44.433  INFO 4001 --- [main] application                              : Initializing Spring FrameworkServlet 'dispatcherServlet'
2018-03-17 13:20:44.442  INFO 4001 --- [main] o.s.web.servlet.DispatcherServlet        : FrameworkServlet 'dispatcherServlet': initialization started
2018-03-17 13:20:44.481  INFO 4001 --- [main] o.s.web.servlet.DispatcherServlet        : FrameworkServlet 'dispatcherServlet': initialization completed in 38 ms
2018-03-17 13:20:44.507  INFO 4001 --- [main] o.e.jetty.server.AbstractConnector       : Started SelectChannelConnector@0.0.0.0:1248
2018-03-17 13:20:44.510  INFO 4001 --- [main] .s.b.c.e.j.JettyEmbeddedServletContainer : Jetty started on port(s) 1248
2018-03-17 13:20:44.521  INFO 4001 --- [main] filesharingsystem.ClingPortMapper        : Registering port 49152.
2018-03-17 13:20:44.642  INFO 4001 --- [main] springbackend.Application                : Started Application in 7.253 seconds (JVM running for 8.084)
